
*** Running vivado
    with args -log top_module.vds -m64 -product Vivado -mode batch -messageDb vivado.pb -notrace -source top_module.tcl



****** Vivado v2022.2 (64-bit)
  **** SW Build 3671981 on Fri Oct 14 05:00:03 MDT 2022
  **** IP Build 3669848 on Fri Oct 14 08:30:02 MDT 2022
    ** Copyright 1986-2022 Xilinx, Inc. All Rights Reserved.

source top_module.tcl -notrace
create_project: Time (s): cpu = 00:00:06 ; elapsed = 00:00:06 . Memory (MB): peak = 378.430 ; gain = 64.703
Command: read_checkpoint -auto_incremental -incremental E:/DoorLock/Project_HDL/Project_HDL.srcs/utils_1/imports/synth_1/fsm.dcp
INFO: [Vivado 12-5825] Read reference checkpoint from E:/DoorLock/Project_HDL/Project_HDL.srcs/utils_1/imports/synth_1/fsm.dcp for incremental synthesis
INFO: [Vivado 12-7989] Please ensure there are no constraint changes
Command: synth_design -top top_module -part xc7z020clg400-1
Starting synth_design
Attempting to get a license for feature 'Synthesis' and/or device 'xc7z020'
INFO: [Common 17-349] Got license for feature 'Synthesis' and/or device 'xc7z020'
INFO: [Device 21-403] Loading part xc7z020clg400-1
INFO: [Designutils 20-5440] No compile time benefit to using incremental synthesis; A full resynthesis will be run
INFO: [Designutils 20-4379] Flow is switching to default flow due to incremental criteria not met. If you would like to alter this behaviour and have the flow terminate instead, please set the following parameter config_implementation {autoIncr.Synth.RejectBehavior Terminate}
INFO: [Synth 8-7079] Multithreading enabled for synth_design using a maximum of 2 processes.
INFO: [Synth 8-7078] Launching helper process for spawning children vivado processes
INFO: [Synth 8-7075] Helper process launched with PID 16668
INFO: [Synth 8-11241] undeclared symbol 'REGCCE', assumed default net type 'wire' [C:/Xilinx/Vivado/2022.2/data/verilog/src/unimacro/BRAM_SINGLE_MACRO.v:2170]
---------------------------------------------------------------------------------
Starting RTL Elaboration : Time (s): cpu = 00:00:09 ; elapsed = 00:00:09 . Memory (MB): peak = 1218.383 ; gain = 406.805
---------------------------------------------------------------------------------
INFO: [Synth 8-6157] synthesizing module 'top_module' [E:/DoorLock/Project_HDL/Project_HDL.srcs/sources_1/new/top_module.v:23]
INFO: [Synth 8-6157] synthesizing module 'pass_getter' [E:/DoorLock/Project_HDL/Project_HDL.srcs/sources_1/new/pass_getter.v:23]
INFO: [Synth 8-6155] done synthesizing module 'pass_getter' (0#1) [E:/DoorLock/Project_HDL/Project_HDL.srcs/sources_1/new/pass_getter.v:23]
INFO: [Synth 8-6157] synthesizing module 'pass_decoder' [E:/DoorLock/Project_HDL/Project_HDL.srcs/sources_1/new/pass_decoder.v:23]
INFO: [Synth 8-6157] synthesizing module 'led_decoder' [E:/DoorLock/Project_HDL/Project_HDL.srcs/sources_1/new/led_decoder.v:23]
INFO: [Synth 8-226] default block is never used [E:/DoorLock/Project_HDL/Project_HDL.srcs/sources_1/new/led_decoder.v:28]
WARNING: [Synth 8-567] referenced signal 'in' should be on the sensitivity list [E:/DoorLock/Project_HDL/Project_HDL.srcs/sources_1/new/led_decoder.v:27]
INFO: [Synth 8-6155] done synthesizing module 'led_decoder' (0#1) [E:/DoorLock/Project_HDL/Project_HDL.srcs/sources_1/new/led_decoder.v:23]
INFO: [Synth 8-6155] done synthesizing module 'pass_decoder' (0#1) [E:/DoorLock/Project_HDL/Project_HDL.srcs/sources_1/new/pass_decoder.v:23]
INFO: [Synth 8-6157] synthesizing module 'edge_detector' [E:/DoorLock/Project_HDL/Project_HDL.srcs/sources_1/new/edge_detector.v:23]
INFO: [Synth 8-6155] done synthesizing module 'edge_detector' (0#1) [E:/DoorLock/Project_HDL/Project_HDL.srcs/sources_1/new/edge_detector.v:23]
INFO: [Synth 8-6157] synthesizing module 'state_machine' [E:/DoorLock/Project_HDL/Project_HDL.srcs/sources_1/new/state_machine.v:23]
WARNING: [Synth 8-567] referenced signal 'i_password' should be on the sensitivity list [E:/DoorLock/Project_HDL/Project_HDL.srcs/sources_1/new/state_machine.v:93]
WARNING: [Synth 8-567] referenced signal 'o_correct' should be on the sensitivity list [E:/DoorLock/Project_HDL/Project_HDL.srcs/sources_1/new/state_machine.v:93]
WARNING: [Synth 8-567] referenced signal 'o_incorrect' should be on the sensitivity list [E:/DoorLock/Project_HDL/Project_HDL.srcs/sources_1/new/state_machine.v:93]
WARNING: [Synth 8-567] referenced signal 'o_trials' should be on the sensitivity list [E:/DoorLock/Project_HDL/Project_HDL.srcs/sources_1/new/state_machine.v:93]
WARNING: [Synth 8-567] referenced signal 'i_confirm' should be on the sensitivity list [E:/DoorLock/Project_HDL/Project_HDL.srcs/sources_1/new/state_machine.v:93]
INFO: [Synth 8-6155] done synthesizing module 'state_machine' (0#1) [E:/DoorLock/Project_HDL/Project_HDL.srcs/sources_1/new/state_machine.v:23]
WARNING: [Synth 8-7071] port 'i_confirm' of module 'state_machine' is unconnected for instance 'state_machine' [E:/DoorLock/Project_HDL/Project_HDL.srcs/sources_1/new/top_module.v:130]
WARNING: [Synth 8-7071] port 'i_switch' of module 'state_machine' is unconnected for instance 'state_machine' [E:/DoorLock/Project_HDL/Project_HDL.srcs/sources_1/new/top_module.v:130]
WARNING: [Synth 8-7023] instance 'state_machine' of module 'state_machine' has 15 connections declared, but only 13 given [E:/DoorLock/Project_HDL/Project_HDL.srcs/sources_1/new/top_module.v:130]
INFO: [Synth 8-6155] done synthesizing module 'top_module' (0#1) [E:/DoorLock/Project_HDL/Project_HDL.srcs/sources_1/new/top_module.v:23]
WARNING: [Synth 8-7129] Port button2 in module state_machine is either unconnected or has no load
WARNING: [Synth 8-7129] Port button3 in module state_machine is either unconnected or has no load
WARNING: [Synth 8-7129] Port button0 in module state_machine is either unconnected or has no load
WARNING: [Synth 8-7129] Port switch in module top_module is either unconnected or has no load
---------------------------------------------------------------------------------
Finished RTL Elaboration : Time (s): cpu = 00:00:13 ; elapsed = 00:00:14 . Memory (MB): peak = 1308.141 ; gain = 496.562
---------------------------------------------------------------------------------
---------------------------------------------------------------------------------
Start Handling Custom Attributes
---------------------------------------------------------------------------------
---------------------------------------------------------------------------------
Finished Handling Custom Attributes : Time (s): cpu = 00:00:13 ; elapsed = 00:00:14 . Memory (MB): peak = 1308.141 ; gain = 496.562
---------------------------------------------------------------------------------
---------------------------------------------------------------------------------
Finished RTL Optimization Phase 1 : Time (s): cpu = 00:00:13 ; elapsed = 00:00:14 . Memory (MB): peak = 1308.141 ; gain = 496.562
---------------------------------------------------------------------------------
Netlist sorting complete. Time (s): cpu = 00:00:00 ; elapsed = 00:00:00.002 . Memory (MB): peak = 1308.141 ; gain = 0.000
INFO: [Project 1-570] Preparing netlist for logic optimization

Processing XDC Constraints
Initializing timing engine
Parsing XDC File [E:/DoorLock/Project_HDL/Project_HDL.srcs/constrs_1/imports/DoorLock/Arty-Z7-20-Master.xdc]
WARNING: [Vivado 12-584] No ports matched 'out[0]'. [E:/DoorLock/Project_HDL/Project_HDL.srcs/constrs_1/imports/DoorLock/Arty-Z7-20-Master.xdc:23]
CRITICAL WARNING: [Common 17-55] 'set_property' expects at least one object. [E:/DoorLock/Project_HDL/Project_HDL.srcs/constrs_1/imports/DoorLock/Arty-Z7-20-Master.xdc:23]
Resolution: If [get_<value>] was used to populate the object, check to make sure this command returns at least one valid object.
WARNING: [Vivado 12-584] No ports matched 'out[1]'. [E:/DoorLock/Project_HDL/Project_HDL.srcs/constrs_1/imports/DoorLock/Arty-Z7-20-Master.xdc:24]
CRITICAL WARNING: [Common 17-55] 'set_property' expects at least one object. [E:/DoorLock/Project_HDL/Project_HDL.srcs/constrs_1/imports/DoorLock/Arty-Z7-20-Master.xdc:24]
Resolution: If [get_<value>] was used to populate the object, check to make sure this command returns at least one valid object.
WARNING: [Vivado 12-584] No ports matched 'out[2]'. [E:/DoorLock/Project_HDL/Project_HDL.srcs/constrs_1/imports/DoorLock/Arty-Z7-20-Master.xdc:25]
CRITICAL WARNING: [Common 17-55] 'set_property' expects at least one object. [E:/DoorLock/Project_HDL/Project_HDL.srcs/constrs_1/imports/DoorLock/Arty-Z7-20-Master.xdc:25]
Resolution: If [get_<value>] was used to populate the object, check to make sure this command returns at least one valid object.
WARNING: [Vivado 12-584] No ports matched 'out[3]'. [E:/DoorLock/Project_HDL/Project_HDL.srcs/constrs_1/imports/DoorLock/Arty-Z7-20-Master.xdc:26]
CRITICAL WARNING: [Common 17-55] 'set_property' expects at least one object. [E:/DoorLock/Project_HDL/Project_HDL.srcs/constrs_1/imports/DoorLock/Arty-Z7-20-Master.xdc:26]
Resolution: If [get_<value>] was used to populate the object, check to make sure this command returns at least one valid object.
WARNING: [Vivado 12-584] No ports matched 'in[0]'. [E:/DoorLock/Project_HDL/Project_HDL.srcs/constrs_1/imports/DoorLock/Arty-Z7-20-Master.xdc:29]
CRITICAL WARNING: [Common 17-55] 'set_property' expects at least one object. [E:/DoorLock/Project_HDL/Project_HDL.srcs/constrs_1/imports/DoorLock/Arty-Z7-20-Master.xdc:29]
Resolution: If [get_<value>] was used to populate the object, check to make sure this command returns at least one valid object.
WARNING: [Vivado 12-584] No ports matched 'in[1]'. [E:/DoorLock/Project_HDL/Project_HDL.srcs/constrs_1/imports/DoorLock/Arty-Z7-20-Master.xdc:30]
CRITICAL WARNING: [Common 17-55] 'set_property' expects at least one object. [E:/DoorLock/Project_HDL/Project_HDL.srcs/constrs_1/imports/DoorLock/Arty-Z7-20-Master.xdc:30]
Resolution: If [get_<value>] was used to populate the object, check to make sure this command returns at least one valid object.
WARNING: [Vivado 12-584] No ports matched 'in[2]'. [E:/DoorLock/Project_HDL/Project_HDL.srcs/constrs_1/imports/DoorLock/Arty-Z7-20-Master.xdc:31]
CRITICAL WARNING: [Common 17-55] 'set_property' expects at least one object. [E:/DoorLock/Project_HDL/Project_HDL.srcs/constrs_1/imports/DoorLock/Arty-Z7-20-Master.xdc:31]
Resolution: If [get_<value>] was used to populate the object, check to make sure this command returns at least one valid object.
WARNING: [Vivado 12-584] No ports matched 'in[3]'. [E:/DoorLock/Project_HDL/Project_HDL.srcs/constrs_1/imports/DoorLock/Arty-Z7-20-Master.xdc:32]
CRITICAL WARNING: [Common 17-55] 'set_property' expects at least one object. [E:/DoorLock/Project_HDL/Project_HDL.srcs/constrs_1/imports/DoorLock/Arty-Z7-20-Master.xdc:32]
Resolution: If [get_<value>] was used to populate the object, check to make sure this command returns at least one valid object.
Finished Parsing XDC File [E:/DoorLock/Project_HDL/Project_HDL.srcs/constrs_1/imports/DoorLock/Arty-Z7-20-Master.xdc]
Parsing XDC File [E:/DoorLock/Extend board/Arty-Z7-20-Extension-board-Master.xdc]
Finished Parsing XDC File [E:/DoorLock/Extend board/Arty-Z7-20-Extension-board-Master.xdc]
INFO: [Project 1-236] Implementation specific constraints were found while reading constraint file [E:/DoorLock/Extend board/Arty-Z7-20-Extension-board-Master.xdc]. These constraints will be ignored for synthesis but will be used in implementation. Impacted constraints are listed in the file [.Xil/top_module_propImpl.xdc].
Resolution: To avoid this warning, move constraints listed in [.Xil/top_module_propImpl.xdc] to another XDC file and exclude this new file from synthesis with the used_in_synthesis property (File Properties dialog in GUI) and re-run elaboration/synthesis.
Completed Processing XDC Constraints

Netlist sorting complete. Time (s): cpu = 00:00:00 ; elapsed = 00:00:00.001 . Memory (MB): peak = 1402.852 ; gain = 0.000
INFO: [Project 1-111] Unisim Transformation Summary:
No Unisim elements were transformed.

Constraint Validation Runtime : Time (s): cpu = 00:00:00 ; elapsed = 00:00:00.003 . Memory (MB): peak = 1402.852 ; gain = 0.000
INFO: [Designutils 20-5440] No compile time benefit to using incremental synthesis; A full resynthesis will be run
INFO: [Designutils 20-4379] Flow is switching to default flow due to incremental criteria not met. If you would like to alter this behaviour and have the flow terminate instead, please set the following parameter config_implementation {autoIncr.Synth.RejectBehavior Terminate}
INFO: [Synth 8-11241] undeclared symbol 'REGCCE', assumed default net type 'wire' [C:/Xilinx/Vivado/2022.2/data/verilog/src/unimacro/BRAM_SINGLE_MACRO.v:2170]
---------------------------------------------------------------------------------
Finished Constraint Validation : Time (s): cpu = 00:00:22 ; elapsed = 00:00:23 . Memory (MB): peak = 1402.852 ; gain = 591.273
---------------------------------------------------------------------------------
---------------------------------------------------------------------------------
Start Loading Part and Timing Information
---------------------------------------------------------------------------------
Loading part: xc7z020clg400-1
---------------------------------------------------------------------------------
Finished Loading Part and Timing Information : Time (s): cpu = 00:00:22 ; elapsed = 00:00:23 . Memory (MB): peak = 1402.852 ; gain = 591.273
---------------------------------------------------------------------------------
---------------------------------------------------------------------------------
Start Applying 'set_property' XDC Constraints
---------------------------------------------------------------------------------
---------------------------------------------------------------------------------
Finished applying 'set_property' XDC Constraints : Time (s): cpu = 00:00:22 ; elapsed = 00:00:23 . Memory (MB): peak = 1402.852 ; gain = 591.273
---------------------------------------------------------------------------------
WARNING: [Synth 8-327] inferring latch for variable 'saved_password_reg' [E:/DoorLock/Project_HDL/Project_HDL.srcs/sources_1/new/state_machine.v:105]
WARNING: [Synth 8-327] inferring latch for variable 'led1_reg' [E:/DoorLock/Project_HDL/Project_HDL.srcs/sources_1/new/state_machine.v:104]
WARNING: [Synth 8-327] inferring latch for variable 'led2_reg' [E:/DoorLock/Project_HDL/Project_HDL.srcs/sources_1/new/state_machine.v:116]
---------------------------------------------------------------------------------
Finished RTL Optimization Phase 2 : Time (s): cpu = 00:00:23 ; elapsed = 00:00:24 . Memory (MB): peak = 1402.852 ; gain = 591.273
---------------------------------------------------------------------------------
---------------------------------------------------------------------------------
Start RTL Component Statistics 
---------------------------------------------------------------------------------
Detailed RTL Component Info : 
+---Adders : 
	   2 Input   16 Bit       Adders := 1     
	   2 Input    2 Bit       Adders := 1     
+---Registers : 
	               16 Bit    Registers := 1     
	                4 Bit    Registers := 2     
	                2 Bit    Registers := 2     
	                1 Bit    Registers := 8     
+---Muxes : 
	   2 Input    4 Bit        Muxes := 1     
	   7 Input    4 Bit        Muxes := 1     
	   2 Input    3 Bit        Muxes := 4     
	   3 Input    3 Bit        Muxes := 2     
	   7 Input    3 Bit        Muxes := 1     
	   2 Input    2 Bit        Muxes := 5     
	   7 Input    1 Bit        Muxes := 5     
	   2 Input    1 Bit        Muxes := 1     
---------------------------------------------------------------------------------
Finished RTL Component Statistics 
---------------------------------------------------------------------------------
---------------------------------------------------------------------------------
Start Part Resource Summary
---------------------------------------------------------------------------------
Part Resources:
DSPs: 220 (col length:60)
BRAMs: 280 (col length: RAMB18 60 RAMB36 30)
---------------------------------------------------------------------------------
Finished Part Resource Summary
---------------------------------------------------------------------------------
---------------------------------------------------------------------------------
Start Cross Boundary and Area Optimization
---------------------------------------------------------------------------------
WARNING: [Synth 8-7080] Parallel synthesis criteria is not met
WARNING: [Synth 8-7129] Port switch in module top_module is either unconnected or has no load
CRITICAL WARNING: [Synth 8-6859] multi-driven net on pin Q with 1st driver pin 'state_machine/r_trials_reg[1]/Q' [E:/DoorLock/Project_HDL/Project_HDL.srcs/sources_1/new/state_machine.v:82]
CRITICAL WARNING: [Synth 8-6859] multi-driven net on pin Q with 2nd driver pin 'GND' [E:/DoorLock/Project_HDL/Project_HDL.srcs/sources_1/new/state_machine.v:82]
CRITICAL WARNING: [Synth 8-6858] multi-driven net Q is connected to at least one constant driver which has been preserved, other driver is ignored [E:/DoorLock/Project_HDL/Project_HDL.srcs/sources_1/new/state_machine.v:82]
CRITICAL WARNING: [Synth 8-6859] multi-driven net on pin Q with 1st driver pin 'state_machine/r_trials_reg[0]/Q' [E:/DoorLock/Project_HDL/Project_HDL.srcs/sources_1/new/state_machine.v:82]
CRITICAL WARNING: [Synth 8-6859] multi-driven net on pin Q with 2nd driver pin 'GND' [E:/DoorLock/Project_HDL/Project_HDL.srcs/sources_1/new/state_machine.v:82]
CRITICAL WARNING: [Synth 8-6858] multi-driven net Q is connected to at least one constant driver which has been preserved, other driver is ignored [E:/DoorLock/Project_HDL/Project_HDL.srcs/sources_1/new/state_machine.v:82]
CRITICAL WARNING: [Synth 8-6859] multi-driven net on pin Q with 1st driver pin 'state_machine/next_state_reg[3]/Q' [E:/DoorLock/Project_HDL/Project_HDL.srcs/sources_1/new/state_machine.v:84]
CRITICAL WARNING: [Synth 8-6859] multi-driven net on pin Q with 2nd driver pin 'GND' [E:/DoorLock/Project_HDL/Project_HDL.srcs/sources_1/new/state_machine.v:84]
CRITICAL WARNING: [Synth 8-6858] multi-driven net Q is connected to at least one constant driver which has been preserved, other driver is ignored [E:/DoorLock/Project_HDL/Project_HDL.srcs/sources_1/new/state_machine.v:84]
CRITICAL WARNING: [Synth 8-6859] multi-driven net on pin Q with 1st driver pin 'state_machine/next_state_reg[2]/Q' [E:/DoorLock/Project_HDL/Project_HDL.srcs/sources_1/new/state_machine.v:84]
CRITICAL WARNING: [Synth 8-6859] multi-driven net on pin Q with 2nd driver pin 'GND' [E:/DoorLock/Project_HDL/Project_HDL.srcs/sources_1/new/state_machine.v:84]
CRITICAL WARNING: [Synth 8-6858] multi-driven net Q is connected to at least one constant driver which has been preserved, other driver is ignored [E:/DoorLock/Project_HDL/Project_HDL.srcs/sources_1/new/state_machine.v:84]
CRITICAL WARNING: [Synth 8-6859] multi-driven net on pin Q with 1st driver pin 'state_machine/next_state_reg[1]/Q' [E:/DoorLock/Project_HDL/Project_HDL.srcs/sources_1/new/state_machine.v:84]
CRITICAL WARNING: [Synth 8-6859] multi-driven net on pin Q with 2nd driver pin 'GND' [E:/DoorLock/Project_HDL/Project_HDL.srcs/sources_1/new/state_machine.v:84]
CRITICAL WARNING: [Synth 8-6858] multi-driven net Q is connected to at least one constant driver which has been preserved, other driver is ignored [E:/DoorLock/Project_HDL/Project_HDL.srcs/sources_1/new/state_machine.v:84]
CRITICAL WARNING: [Synth 8-6859] multi-driven net on pin Q with 1st driver pin 'state_machine/next_state_reg[0]/Q' [E:/DoorLock/Project_HDL/Project_HDL.srcs/sources_1/new/state_machine.v:84]
CRITICAL WARNING: [Synth 8-6859] multi-driven net on pin Q with 2nd driver pin 'GND' [E:/DoorLock/Project_HDL/Project_HDL.srcs/sources_1/new/state_machine.v:84]
CRITICAL WARNING: [Synth 8-6858] multi-driven net Q is connected to at least one constant driver which has been preserved, other driver is ignored [E:/DoorLock/Project_HDL/Project_HDL.srcs/sources_1/new/state_machine.v:84]
WARNING: [Synth 8-3332] Sequential element (state_machine/saved_password_reg[15]) is unused and will be removed from module top_module.
WARNING: [Synth 8-3332] Sequential element (state_machine/saved_password_reg[14]) is unused and will be removed from module top_module.
WARNING: [Synth 8-3332] Sequential element (state_machine/saved_password_reg[13]) is unused and will be removed from module top_module.
WARNING: [Synth 8-3332] Sequential element (state_machine/saved_password_reg[12]) is unused and will be removed from module top_module.
WARNING: [Synth 8-3332] Sequential element (state_machine/saved_password_reg[11]) is unused and will be removed from module top_module.
WARNING: [Synth 8-3332] Sequential element (state_machine/saved_password_reg[10]) is unused and will be removed from module top_module.
WARNING: [Synth 8-3332] Sequential element (state_machine/saved_password_reg[9]) is unused and will be removed from module top_module.
WARNING: [Synth 8-3332] Sequential element (state_machine/saved_password_reg[8]) is unused and will be removed from module top_module.
WARNING: [Synth 8-3332] Sequential element (state_machine/saved_password_reg[7]) is unused and will be removed from module top_module.
WARNING: [Synth 8-3332] Sequential element (state_machine/saved_password_reg[6]) is unused and will be removed from module top_module.
WARNING: [Synth 8-3332] Sequential element (state_machine/saved_password_reg[5]) is unused and will be removed from module top_module.
WARNING: [Synth 8-3332] Sequential element (state_machine/saved_password_reg[4]) is unused and will be removed from module top_module.
WARNING: [Synth 8-3332] Sequential element (state_machine/saved_password_reg[3]) is unused and will be removed from module top_module.
WARNING: [Synth 8-3332] Sequential element (state_machine/saved_password_reg[2]) is unused and will be removed from module top_module.
WARNING: [Synth 8-3332] Sequential element (state_machine/saved_password_reg[1]) is unused and will be removed from module top_module.
WARNING: [Synth 8-3332] Sequential element (state_machine/saved_password_reg[0]) is unused and will be removed from module top_module.
CRITICAL WARNING: [Synth 8-6859] multi-driven net on pin Q with 1st driver pin 'state_machine/saved_password_reg[15]__0/Q' [E:/DoorLock/Project_HDL/Project_HDL.srcs/sources_1/new/state_machine.v:83]
CRITICAL WARNING: [Synth 8-6859] multi-driven net on pin Q with 2nd driver pin 'GND' [E:/DoorLock/Project_HDL/Project_HDL.srcs/sources_1/new/state_machine.v:83]
CRITICAL WARNING: [Synth 8-6858] multi-driven net Q is connected to at least one constant driver which has been preserved, other driver is ignored [E:/DoorLock/Project_HDL/Project_HDL.srcs/sources_1/new/state_machine.v:83]
CRITICAL WARNING: [Synth 8-6859] multi-driven net on pin Q with 1st driver pin 'state_machine/saved_password_reg[14]__0/Q' [E:/DoorLock/Project_HDL/Project_HDL.srcs/sources_1/new/state_machine.v:83]
CRITICAL WARNING: [Synth 8-6859] multi-driven net on pin Q with 2nd driver pin 'GND' [E:/DoorLock/Project_HDL/Project_HDL.srcs/sources_1/new/state_machine.v:83]
CRITICAL WARNING: [Synth 8-6858] multi-driven net Q is connected to at least one constant driver which has been preserved, other driver is ignored [E:/DoorLock/Project_HDL/Project_HDL.srcs/sources_1/new/state_machine.v:83]
CRITICAL WARNING: [Synth 8-6859] multi-driven net on pin Q with 1st driver pin 'state_machine/saved_password_reg[13]__0/Q' [E:/DoorLock/Project_HDL/Project_HDL.srcs/sources_1/new/state_machine.v:83]
CRITICAL WARNING: [Synth 8-6859] multi-driven net on pin Q with 2nd driver pin 'GND' [E:/DoorLock/Project_HDL/Project_HDL.srcs/sources_1/new/state_machine.v:83]
CRITICAL WARNING: [Synth 8-6858] multi-driven net Q is connected to at least one constant driver which has been preserved, other driver is ignored [E:/DoorLock/Project_HDL/Project_HDL.srcs/sources_1/new/state_machine.v:83]
CRITICAL WARNING: [Synth 8-6859] multi-driven net on pin Q with 1st driver pin 'state_machine/saved_password_reg[11]__0/Q' [E:/DoorLock/Project_HDL/Project_HDL.srcs/sources_1/new/state_machine.v:83]
CRITICAL WARNING: [Synth 8-6859] multi-driven net on pin Q with 2nd driver pin 'GND' [E:/DoorLock/Project_HDL/Project_HDL.srcs/sources_1/new/state_machine.v:83]
CRITICAL WARNING: [Synth 8-6858] multi-driven net Q is connected to at least one constant driver which has been preserved, other driver is ignored [E:/DoorLock/Project_HDL/Project_HDL.srcs/sources_1/new/state_machine.v:83]
CRITICAL WARNING: [Synth 8-6859] multi-driven net on pin Q with 1st driver pin 'state_machine/saved_password_reg[10]__0/Q' [E:/DoorLock/Project_HDL/Project_HDL.srcs/sources_1/new/state_machine.v:83]
CRITICAL WARNING: [Synth 8-6859] multi-driven net on pin Q with 2nd driver pin 'GND' [E:/DoorLock/Project_HDL/Project_HDL.srcs/sources_1/new/state_machine.v:83]
CRITICAL WARNING: [Synth 8-6858] multi-driven net Q is connected to at least one constant driver which has been preserved, other driver is ignored [E:/DoorLock/Project_HDL/Project_HDL.srcs/sources_1/new/state_machine.v:83]
CRITICAL WARNING: [Synth 8-6859] multi-driven net on pin Q with 1st driver pin 'state_machine/saved_password_reg[9]__0/Q' [E:/DoorLock/Project_HDL/Project_HDL.srcs/sources_1/new/state_machine.v:83]
CRITICAL WARNING: [Synth 8-6859] multi-driven net on pin Q with 2nd driver pin 'GND' [E:/DoorLock/Project_HDL/Project_HDL.srcs/sources_1/new/state_machine.v:83]
CRITICAL WARNING: [Synth 8-6858] multi-driven net Q is connected to at least one constant driver which has been preserved, other driver is ignored [E:/DoorLock/Project_HDL/Project_HDL.srcs/sources_1/new/state_machine.v:83]
CRITICAL WARNING: [Synth 8-6859] multi-driven net on pin Q with 1st driver pin 'state_machine/saved_password_reg[7]__0/Q' [E:/DoorLock/Project_HDL/Project_HDL.srcs/sources_1/new/state_machine.v:83]
CRITICAL WARNING: [Synth 8-6859] multi-driven net on pin Q with 2nd driver pin 'GND' [E:/DoorLock/Project_HDL/Project_HDL.srcs/sources_1/new/state_machine.v:83]
CRITICAL WARNING: [Synth 8-6858] multi-driven net Q is connected to at least one constant driver which has been preserved, other driver is ignored [E:/DoorLock/Project_HDL/Project_HDL.srcs/sources_1/new/state_machine.v:83]
CRITICAL WARNING: [Synth 8-6859] multi-driven net on pin Q with 1st driver pin 'state_machine/saved_password_reg[6]__0/Q' [E:/DoorLock/Project_HDL/Project_HDL.srcs/sources_1/new/state_machine.v:83]
CRITICAL WARNING: [Synth 8-6859] multi-driven net on pin Q with 2nd driver pin 'GND' [E:/DoorLock/Project_HDL/Project_HDL.srcs/sources_1/new/state_machine.v:83]
CRITICAL WARNING: [Synth 8-6858] multi-driven net Q is connected to at least one constant driver which has been preserved, other driver is ignored [E:/DoorLock/Project_HDL/Project_HDL.srcs/sources_1/new/state_machine.v:83]
CRITICAL WARNING: [Synth 8-6859] multi-driven net on pin Q with 1st driver pin 'state_machine/saved_password_reg[5]__0/Q' [E:/DoorLock/Project_HDL/Project_HDL.srcs/sources_1/new/state_machine.v:83]
CRITICAL WARNING: [Synth 8-6859] multi-driven net on pin Q with 2nd driver pin 'GND' [E:/DoorLock/Project_HDL/Project_HDL.srcs/sources_1/new/state_machine.v:83]
CRITICAL WARNING: [Synth 8-6858] multi-driven net Q is connected to at least one constant driver which has been preserved, other driver is ignored [E:/DoorLock/Project_HDL/Project_HDL.srcs/sources_1/new/state_machine.v:83]
CRITICAL WARNING: [Synth 8-6859] multi-driven net on pin Q with 1st driver pin 'state_machine/saved_password_reg[3]__0/Q' [E:/DoorLock/Project_HDL/Project_HDL.srcs/sources_1/new/state_machine.v:83]
CRITICAL WARNING: [Synth 8-6859] multi-driven net on pin Q with 2nd driver pin 'GND' [E:/DoorLock/Project_HDL/Project_HDL.srcs/sources_1/new/state_machine.v:83]
CRITICAL WARNING: [Synth 8-6858] multi-driven net Q is connected to at least one constant driver which has been preserved, other driver is ignored [E:/DoorLock/Project_HDL/Project_HDL.srcs/sources_1/new/state_machine.v:83]
CRITICAL WARNING: [Synth 8-6859] multi-driven net on pin Q with 1st driver pin 'state_machine/saved_password_reg[2]__0/Q' [E:/DoorLock/Project_HDL/Project_HDL.srcs/sources_1/new/state_machine.v:83]
CRITICAL WARNING: [Synth 8-6859] multi-driven net on pin Q with 2nd driver pin 'GND' [E:/DoorLock/Project_HDL/Project_HDL.srcs/sources_1/new/state_machine.v:83]
CRITICAL WARNING: [Synth 8-6858] multi-driven net Q is connected to at least one constant driver which has been preserved, other driver is ignored [E:/DoorLock/Project_HDL/Project_HDL.srcs/sources_1/new/state_machine.v:83]
CRITICAL WARNING: [Synth 8-6859] multi-driven net on pin Q with 1st driver pin 'state_machine/saved_password_reg[1]__0/Q' [E:/DoorLock/Project_HDL/Project_HDL.srcs/sources_1/new/state_machine.v:83]
CRITICAL WARNING: [Synth 8-6859] multi-driven net on pin Q with 2nd driver pin 'GND' [E:/DoorLock/Project_HDL/Project_HDL.srcs/sources_1/new/state_machine.v:83]
CRITICAL WARNING: [Synth 8-6858] multi-driven net Q is connected to at least one constant driver which has been preserved, other driver is ignored [E:/DoorLock/Project_HDL/Project_HDL.srcs/sources_1/new/state_machine.v:83]
WARNING: [Synth 8-3332] Sequential element (state_machine/led1_reg) is unused and will be removed from module top_module.
WARNING: [Synth 8-3332] Sequential element (state_machine/led2_reg) is unused and will be removed from module top_module.
---------------------------------------------------------------------------------
Finished Cross Boundary and Area Optimization : Time (s): cpu = 00:00:25 ; elapsed = 00:00:26 . Memory (MB): peak = 1402.852 ; gain = 591.273
---------------------------------------------------------------------------------
---------------------------------------------------------------------------------
Start Applying XDC Timing Constraints
---------------------------------------------------------------------------------
---------------------------------------------------------------------------------
Finished Applying XDC Timing Constraints : Time (s): cpu = 00:00:32 ; elapsed = 00:00:33 . Memory (MB): peak = 1402.852 ; gain = 591.273
---------------------------------------------------------------------------------
---------------------------------------------------------------------------------
Start Timing Optimization
---------------------------------------------------------------------------------
---------------------------------------------------------------------------------
Finished Timing Optimization : Time (s): cpu = 00:00:32 ; elapsed = 00:00:33 . Memory (MB): peak = 1402.852 ; gain = 591.273
---------------------------------------------------------------------------------
---------------------------------------------------------------------------------
Start Technology Mapping
---------------------------------------------------------------------------------
---------------------------------------------------------------------------------
Finished Technology Mapping : Time (s): cpu = 00:00:32 ; elapsed = 00:00:33 . Memory (MB): peak = 1402.852 ; gain = 591.273
---------------------------------------------------------------------------------
---------------------------------------------------------------------------------
Start IO Insertion
---------------------------------------------------------------------------------
---------------------------------------------------------------------------------
Start Flattening Before IO Insertion
---------------------------------------------------------------------------------
---------------------------------------------------------------------------------
Finished Flattening Before IO Insertion
---------------------------------------------------------------------------------
---------------------------------------------------------------------------------
Start Final Netlist Cleanup
---------------------------------------------------------------------------------
---------------------------------------------------------------------------------
Finished Final Netlist Cleanup
---------------------------------------------------------------------------------
---------------------------------------------------------------------------------
Finished IO Insertion : Time (s): cpu = 00:00:38 ; elapsed = 00:00:39 . Memory (MB): peak = 1402.852 ; gain = 591.273
---------------------------------------------------------------------------------
---------------------------------------------------------------------------------
Start Renaming Generated Instances
---------------------------------------------------------------------------------
---------------------------------------------------------------------------------
Finished Renaming Generated Instances : Time (s): cpu = 00:00:38 ; elapsed = 00:00:39 . Memory (MB): peak = 1402.852 ; gain = 591.273
---------------------------------------------------------------------------------
---------------------------------------------------------------------------------
Start Rebuilding User Hierarchy
---------------------------------------------------------------------------------
---------------------------------------------------------------------------------
Finished Rebuilding User Hierarchy : Time (s): cpu = 00:00:38 ; elapsed = 00:00:39 . Memory (MB): peak = 1402.852 ; gain = 591.273
---------------------------------------------------------------------------------
---------------------------------------------------------------------------------
Start Renaming Generated Ports
---------------------------------------------------------------------------------
---------------------------------------------------------------------------------
Finished Renaming Generated Ports : Time (s): cpu = 00:00:38 ; elapsed = 00:00:39 . Memory (MB): peak = 1402.852 ; gain = 591.273
---------------------------------------------------------------------------------
---------------------------------------------------------------------------------
Start Handling Custom Attributes
---------------------------------------------------------------------------------
---------------------------------------------------------------------------------
Finished Handling Custom Attributes : Time (s): cpu = 00:00:38 ; elapsed = 00:00:39 . Memory (MB): peak = 1402.852 ; gain = 591.273
---------------------------------------------------------------------------------
---------------------------------------------------------------------------------
Start Renaming Generated Nets
---------------------------------------------------------------------------------
---------------------------------------------------------------------------------
Finished Renaming Generated Nets : Time (s): cpu = 00:00:38 ; elapsed = 00:00:39 . Memory (MB): peak = 1402.852 ; gain = 591.273
---------------------------------------------------------------------------------
---------------------------------------------------------------------------------
Start Writing Synthesis Report
---------------------------------------------------------------------------------

Report BlackBoxes: 
+-+--------------+----------+
| |BlackBox name |Instances |
+-+--------------+----------+
+-+--------------+----------+

Report Cell Usage: 
+------+-----+------+
|      |Cell |Count |
+------+-----+------+
|1     |BUFG |     1|
|2     |LUT2 |     1|
|3     |LUT3 |     1|
|4     |FDRE |    17|
|5     |IBUF |     8|
|6     |OBUF |    18|
+------+-----+------+
---------------------------------------------------------------------------------
Finished Writing Synthesis Report : Time (s): cpu = 00:00:38 ; elapsed = 00:00:39 . Memory (MB): peak = 1402.852 ; gain = 591.273
---------------------------------------------------------------------------------
Synthesis finished with 0 errors, 54 critical warnings and 23 warnings.
Synthesis Optimization Runtime : Time (s): cpu = 00:00:23 ; elapsed = 00:00:37 . Memory (MB): peak = 1402.852 ; gain = 496.562
Synthesis Optimization Complete : Time (s): cpu = 00:00:38 ; elapsed = 00:00:39 . Memory (MB): peak = 1402.852 ; gain = 591.273
INFO: [Project 1-571] Translating synthesized netlist
Netlist sorting complete. Time (s): cpu = 00:00:00 ; elapsed = 00:00:00.001 . Memory (MB): peak = 1402.852 ; gain = 0.000
INFO: [Project 1-570] Preparing netlist for logic optimization
INFO: [Opt 31-138] Pushed 0 inverter(s) to 0 load pin(s).
Netlist sorting complete. Time (s): cpu = 00:00:00 ; elapsed = 00:00:00.001 . Memory (MB): peak = 1402.852 ; gain = 0.000
INFO: [Project 1-111] Unisim Transformation Summary:
No Unisim elements were transformed.

Synth Design complete, checksum: fe5a7f0f
INFO: [Common 17-83] Releasing license: Synthesis
34 Infos, 44 Warnings, 62 Critical Warnings and 0 Errors encountered.
synth_design completed successfully
synth_design: Time (s): cpu = 00:00:44 ; elapsed = 00:00:45 . Memory (MB): peak = 1402.852 ; gain = 999.594
INFO: [runtcl-6] Synthesis results are not added to the cache due to CRITICAL_WARNING
INFO: [Common 17-1381] The checkpoint 'E:/DoorLock/Project_HDL/Project_HDL.runs/synth_1/top_module.dcp' has been generated.
INFO: [runtcl-4] Executing : report_utilization -file top_module_utilization_synth.rpt -pb top_module_utilization_synth.pb
INFO: [Common 17-206] Exiting Vivado at Fri Dec  6 15:53:07 2024...
