Copyright 1986-2022 Xilinx, Inc. All Rights Reserved.
------------------------------------------------------------------------------------------------------------------------------------------------------------------------------------------------------
| Tool Version : Vivado v.2022.2 (win64) Build 3671981 Fri Oct 14 05:00:03 MDT 2022
| Date         : Mon Nov 25 21:24:20 2024
| Host         : DESKTOP-JK6HBSK running 64-bit major release  (build 9200)
| Command      : report_timing_summary -max_paths 10 -report_unconstrained -file fsm_timing_summary_routed.rpt -pb fsm_timing_summary_routed.pb -rpx fsm_timing_summary_routed.rpx -warn_on_violation
| Design       : fsm
| Device       : 7z020-clg400
| Speed File   : -1  PRODUCTION 1.12 2019-11-22
------------------------------------------------------------------------------------------------------------------------------------------------------------------------------------------------------

Timing Summary Report

------------------------------------------------------------------------------------------------
| Timer Settings
| --------------
------------------------------------------------------------------------------------------------

  Enable Multi Corner Analysis               :  Yes
  Enable Pessimism Removal                   :  Yes
  Pessimism Removal Resolution               :  Nearest Common Node
  Enable Input Delay Default Clock           :  No
  Enable Preset / Clear Arcs                 :  No
  Disable Flight Delays                      :  No
  Ignore I/O Paths                           :  No
  Timing Early Launch at Borrowing Latches   :  No
  Borrow Time for Max Delay Exceptions       :  Yes
  Merge Timing Exceptions                    :  Yes

  Corner  Analyze    Analyze    
  Name    Max Paths  Min Paths  
  ------  ---------  ---------  
  Slow    Yes        Yes        
  Fast    Yes        Yes        


------------------------------------------------------------------------------------------------
| Report Methodology
| ------------------
------------------------------------------------------------------------------------------------

No report available as report_methodology has not been run prior. Run report_methodology on the current design for the summary of methodology violations.



check_timing report

Table of Contents
-----------------
1. checking no_clock (0)
2. checking constant_clock (0)
3. checking pulse_width_clock (0)
4. checking unconstrained_internal_endpoints (0)
5. checking no_input_delay (0)
6. checking no_output_delay (0)
7. checking multiple_clock (0)
8. checking generated_clocks (0)
9. checking loops (0)
10. checking partial_input_delay (0)
11. checking partial_output_delay (0)
12. checking latch_loops (0)

1. checking no_clock (0)
------------------------
 There are 0 register/latch pins with no clock.


2. checking constant_clock (0)
------------------------------
 There are 0 register/latch pins with constant_clock.


3. checking pulse_width_clock (0)
---------------------------------
 There are 0 register/latch pins which need pulse_width check


4. checking unconstrained_internal_endpoints (0)
------------------------------------------------
 There are 0 pins that are not constrained for maximum delay.

 There are 0 pins that are not constrained for maximum delay due to constant clock.


5. checking no_input_delay (0)
------------------------------
 There are 0 input ports with no input delay specified.

 There are 0 input ports with no input delay but user has a false path constraint.


6. checking no_output_delay (0)
-------------------------------
 There are 0 ports with no output delay specified.

 There are 0 ports with no output delay but user has a false path constraint

 There are 0 ports with no output delay but with a timing clock defined on it or propagating through it


7. checking multiple_clock (0)
------------------------------
 There are 0 register/latch pins with multiple clocks.


8. checking generated_clocks (0)
--------------------------------
 There are 0 generated clocks that are not connected to a clock source.


9. checking loops (0)
---------------------
 There are 0 combinational loops in the design.


10. checking partial_input_delay (0)
------------------------------------
 There are 0 input ports with partial input delay specified.


11. checking partial_output_delay (0)
-------------------------------------
 There are 0 ports with partial output delay specified.


12. checking latch_loops (0)
----------------------------
 There are 0 combinational latch loops in the design through latch input



------------------------------------------------------------------------------------------------
| Design Timing Summary
| ---------------------
------------------------------------------------------------------------------------------------

    WNS(ns)      TNS(ns)  TNS Failing Endpoints  TNS Total Endpoints      WHS(ns)      THS(ns)  THS Failing Endpoints  THS Total Endpoints     WPWS(ns)     TPWS(ns)  TPWS Failing Endpoints  TPWS Total Endpoints  
    -------      -------  ---------------------  -------------------      -------      -------  ---------------------  -------------------     --------     --------  ----------------------  --------------------  
        inf        0.000                      0                    4          inf        0.000                      0                    4           NA           NA                      NA                    NA  


There are no user specified timing constraints.


------------------------------------------------------------------------------------------------
| Clock Summary
| -------------
------------------------------------------------------------------------------------------------


------------------------------------------------------------------------------------------------
| Intra Clock Table
| -----------------
------------------------------------------------------------------------------------------------

Clock             WNS(ns)      TNS(ns)  TNS Failing Endpoints  TNS Total Endpoints      WHS(ns)      THS(ns)  THS Failing Endpoints  THS Total Endpoints     WPWS(ns)     TPWS(ns)  TPWS Failing Endpoints  TPWS Total Endpoints  
-----             -------      -------  ---------------------  -------------------      -------      -------  ---------------------  -------------------     --------     --------  ----------------------  --------------------  


------------------------------------------------------------------------------------------------
| Inter Clock Table
| -----------------
------------------------------------------------------------------------------------------------

From Clock    To Clock          WNS(ns)      TNS(ns)  TNS Failing Endpoints  TNS Total Endpoints      WHS(ns)      THS(ns)  THS Failing Endpoints  THS Total Endpoints  
----------    --------          -------      -------  ---------------------  -------------------      -------      -------  ---------------------  -------------------  


------------------------------------------------------------------------------------------------
| Other Path Groups Table
| -----------------------
------------------------------------------------------------------------------------------------

Path Group    From Clock    To Clock          WNS(ns)      TNS(ns)  TNS Failing Endpoints  TNS Total Endpoints      WHS(ns)      THS(ns)  THS Failing Endpoints  THS Total Endpoints  
----------    ----------    --------          -------      -------  ---------------------  -------------------      -------      -------  ---------------------  -------------------  


------------------------------------------------------------------------------------------------
| User Ignored Path Table
| -----------------------
------------------------------------------------------------------------------------------------

Path Group    From Clock    To Clock    
----------    ----------    --------    


------------------------------------------------------------------------------------------------
| Unconstrained Path Table
| ------------------------
------------------------------------------------------------------------------------------------

Path Group    From Clock    To Clock    
----------    ----------    --------    
(none)                                    


------------------------------------------------------------------------------------------------
| Timing Details
| --------------
------------------------------------------------------------------------------------------------


--------------------------------------------------------------------------------------
Path Group:  (none)
From Clock:  
  To Clock:  

Max Delay             4 Endpoints
Min Delay             4 Endpoints
--------------------------------------------------------------------------------------


Max Delay Paths
--------------------------------------------------------------------------------------
Slack:                    inf
  Source:                 in[1]
                            (input port)
  Destination:            out[1]
                            (output port)
  Path Group:             (none)
  Path Type:              Max at Slow Process Corner
  Data Path Delay:        8.829ns  (logic 5.021ns (56.872%)  route 3.808ns (43.128%))
  Logic Levels:           2  (IBUF=1 OBUF=1)

    Location             Delay type                Incr(ns)  Path(ns)    Netlist Resource(s)
  -------------------------------------------------------------------    -------------------
    D20                                               0.000     0.000 r  in[1] (IN)
                         net (fo=0)                   0.000     0.000    in[1]
    D20                  IBUF (Prop_ibuf_I_O)         1.464     1.464 r  in_IBUF[1]_inst/O
                         net (fo=1, routed)           3.808     5.272    out_OBUF[1]
    P14                  OBUF (Prop_obuf_I_O)         3.557     8.829 r  out_OBUF[1]_inst/O
                         net (fo=0)                   0.000     8.829    out[1]
    P14                                                               r  out[1] (OUT)
  -------------------------------------------------------------------    -------------------

Slack:                    inf
  Source:                 in[0]
                            (input port)
  Destination:            out[0]
                            (output port)
  Path Group:             (none)
  Path Type:              Max at Slow Process Corner
  Data Path Delay:        8.674ns  (logic 4.993ns (57.566%)  route 3.681ns (42.434%))
  Logic Levels:           2  (IBUF=1 OBUF=1)

    Location             Delay type                Incr(ns)  Path(ns)    Netlist Resource(s)
  -------------------------------------------------------------------    -------------------
    D19                                               0.000     0.000 r  in[0] (IN)
                         net (fo=0)                   0.000     0.000    in[0]
    D19                  IBUF (Prop_ibuf_I_O)         1.463     1.463 r  in_IBUF[0]_inst/O
                         net (fo=1, routed)           3.681     5.144    out_OBUF[0]
    R14                  OBUF (Prop_obuf_I_O)         3.530     8.674 r  out_OBUF[0]_inst/O
                         net (fo=0)                   0.000     8.674    out[0]
    R14                                                               r  out[0] (OUT)
  -------------------------------------------------------------------    -------------------

Slack:                    inf
  Source:                 in[3]
                            (input port)
  Destination:            out[3]
                            (output port)
  Path Group:             (none)
  Path Type:              Max at Slow Process Corner
  Data Path Delay:        8.015ns  (logic 5.089ns (63.491%)  route 2.926ns (36.509%))
  Logic Levels:           2  (IBUF=1 OBUF=1)

    Location             Delay type                Incr(ns)  Path(ns)    Netlist Resource(s)
  -------------------------------------------------------------------    -------------------
    L19                                               0.000     0.000 r  in[3] (IN)
                         net (fo=0)                   0.000     0.000    in[3]
    L19                  IBUF (Prop_ibuf_I_O)         1.508     1.508 r  in_IBUF[3]_inst/O
                         net (fo=1, routed)           2.926     4.434    out_OBUF[3]
    M14                  OBUF (Prop_obuf_I_O)         3.581     8.015 r  out_OBUF[3]_inst/O
                         net (fo=0)                   0.000     8.015    out[3]
    M14                                                               r  out[3] (OUT)
  -------------------------------------------------------------------    -------------------

Slack:                    inf
  Source:                 in[2]
                            (input port)
  Destination:            out[2]
                            (output port)
  Path Group:             (none)
  Path Type:              Max at Slow Process Corner
  Data Path Delay:        7.723ns  (logic 5.085ns (65.845%)  route 2.638ns (34.155%))
  Logic Levels:           2  (IBUF=1 OBUF=1)

    Location             Delay type                Incr(ns)  Path(ns)    Netlist Resource(s)
  -------------------------------------------------------------------    -------------------
    L20                                               0.000     0.000 r  in[2] (IN)
                         net (fo=0)                   0.000     0.000    in[2]
    L20                  IBUF (Prop_ibuf_I_O)         1.513     1.513 r  in_IBUF[2]_inst/O
                         net (fo=1, routed)           2.638     4.151    out_OBUF[2]
    N16                  OBUF (Prop_obuf_I_O)         3.572     7.723 r  out_OBUF[2]_inst/O
                         net (fo=0)                   0.000     7.723    out[2]
    N16                                                               r  out[2] (OUT)
  -------------------------------------------------------------------    -------------------





Min Delay Paths
--------------------------------------------------------------------------------------
Slack:                    inf
  Source:                 in[2]
                            (input port)
  Destination:            out[2]
                            (output port)
  Path Group:             (none)
  Path Type:              Min at Fast Process Corner
  Data Path Delay:        2.234ns  (logic 1.553ns (69.523%)  route 0.681ns (30.477%))
  Logic Levels:           2  (IBUF=1 OBUF=1)

    Location             Delay type                Incr(ns)  Path(ns)    Netlist Resource(s)
  -------------------------------------------------------------------    -------------------
    L20                                               0.000     0.000 r  in[2] (IN)
                         net (fo=0)                   0.000     0.000    in[2]
    L20                  IBUF (Prop_ibuf_I_O)         0.281     0.281 r  in_IBUF[2]_inst/O
                         net (fo=1, routed)           0.681     0.962    out_OBUF[2]
    N16                  OBUF (Prop_obuf_I_O)         1.273     2.234 r  out_OBUF[2]_inst/O
                         net (fo=0)                   0.000     2.234    out[2]
    N16                                                               r  out[2] (OUT)
  -------------------------------------------------------------------    -------------------

Slack:                    inf
  Source:                 in[3]
                            (input port)
  Destination:            out[3]
                            (output port)
  Path Group:             (none)
  Path Type:              Min at Fast Process Corner
  Data Path Delay:        2.358ns  (logic 1.557ns (66.023%)  route 0.801ns (33.977%))
  Logic Levels:           2  (IBUF=1 OBUF=1)

    Location             Delay type                Incr(ns)  Path(ns)    Netlist Resource(s)
  -------------------------------------------------------------------    -------------------
    L19                                               0.000     0.000 r  in[3] (IN)
                         net (fo=0)                   0.000     0.000    in[3]
    L19                  IBUF (Prop_ibuf_I_O)         0.275     0.275 r  in_IBUF[3]_inst/O
                         net (fo=1, routed)           0.801     1.076    out_OBUF[3]
    M14                  OBUF (Prop_obuf_I_O)         1.281     2.358 r  out_OBUF[3]_inst/O
                         net (fo=0)                   0.000     2.358    out[3]
    M14                                                               r  out[3] (OUT)
  -------------------------------------------------------------------    -------------------

Slack:                    inf
  Source:                 in[0]
                            (input port)
  Destination:            out[0]
                            (output port)
  Path Group:             (none)
  Path Type:              Min at Fast Process Corner
  Data Path Delay:        2.530ns  (logic 1.462ns (57.796%)  route 1.068ns (42.204%))
  Logic Levels:           2  (IBUF=1 OBUF=1)

    Location             Delay type                Incr(ns)  Path(ns)    Netlist Resource(s)
  -------------------------------------------------------------------    -------------------
    D19                                               0.000     0.000 r  in[0] (IN)
                         net (fo=0)                   0.000     0.000    in[0]
    D19                  IBUF (Prop_ibuf_I_O)         0.231     0.231 r  in_IBUF[0]_inst/O
                         net (fo=1, routed)           1.068     1.299    out_OBUF[0]
    R14                  OBUF (Prop_obuf_I_O)         1.231     2.530 r  out_OBUF[0]_inst/O
                         net (fo=0)                   0.000     2.530    out[0]
    R14                                                               r  out[0] (OUT)
  -------------------------------------------------------------------    -------------------

Slack:                    inf
  Source:                 in[1]
                            (input port)
  Destination:            out[1]
                            (output port)
  Path Group:             (none)
  Path Type:              Min at Fast Process Corner
  Data Path Delay:        2.646ns  (logic 1.490ns (56.312%)  route 1.156ns (43.688%))
  Logic Levels:           2  (IBUF=1 OBUF=1)

    Location             Delay type                Incr(ns)  Path(ns)    Netlist Resource(s)
  -------------------------------------------------------------------    -------------------
    D20                                               0.000     0.000 r  in[1] (IN)
                         net (fo=0)                   0.000     0.000    in[1]
    D20                  IBUF (Prop_ibuf_I_O)         0.232     0.232 r  in_IBUF[1]_inst/O
                         net (fo=1, routed)           1.156     1.388    out_OBUF[1]
    P14                  OBUF (Prop_obuf_I_O)         1.258     2.646 r  out_OBUF[1]_inst/O
                         net (fo=0)                   0.000     2.646    out[1]
    P14                                                               r  out[1] (OUT)
  -------------------------------------------------------------------    -------------------





