
*** Running vivado
    with args -log top_module.vdi -applog -m64 -product Vivado -messageDb vivado.pb -mode batch -source top_module.tcl -notrace



****** Vivado v2022.2 (64-bit)
  **** SW Build 3671981 on Fri Oct 14 05:00:03 MDT 2022
  **** IP Build 3669848 on Fri Oct 14 08:30:02 MDT 2022
    ** Copyright 1986-2022 Xilinx, Inc. All Rights Reserved.

source top_module.tcl -notrace
create_project: Time (s): cpu = 00:00:06 ; elapsed = 00:00:06 . Memory (MB): peak = 380.953 ; gain = 66.500
Command: link_design -top top_module -part xc7z020clg400-1
Design is defaulting to srcset: sources_1
Design is defaulting to constrset: constrs_1
INFO: [Device 21-403] Loading part xc7z020clg400-1
Netlist sorting complete. Time (s): cpu = 00:00:00 ; elapsed = 00:00:00.001 . Memory (MB): peak = 812.777 ; gain = 0.000
INFO: [Project 1-479] Netlist was created with Vivado 2022.2
INFO: [Project 1-570] Preparing netlist for logic optimization
Parsing XDC File [E:/DoorLock/Project_HDL/Project_HDL.srcs/constrs_1/imports/DoorLock/Arty-Z7-20-Master.xdc]
WARNING: [Vivado 12-584] No ports matched 'out[0]'. [E:/DoorLock/Project_HDL/Project_HDL.srcs/constrs_1/imports/DoorLock/Arty-Z7-20-Master.xdc:23]
CRITICAL WARNING: [Common 17-55] 'set_property' expects at least one object. [E:/DoorLock/Project_HDL/Project_HDL.srcs/constrs_1/imports/DoorLock/Arty-Z7-20-Master.xdc:23]
Resolution: If [get_<value>] was used to populate the object, check to make sure this command returns at least one valid object.
WARNING: [Vivado 12-584] No ports matched 'out[1]'. [E:/DoorLock/Project_HDL/Project_HDL.srcs/constrs_1/imports/DoorLock/Arty-Z7-20-Master.xdc:24]
CRITICAL WARNING: [Common 17-55] 'set_property' expects at least one object. [E:/DoorLock/Project_HDL/Project_HDL.srcs/constrs_1/imports/DoorLock/Arty-Z7-20-Master.xdc:24]
Resolution: If [get_<value>] was used to populate the object, check to make sure this command returns at least one valid object.
WARNING: [Vivado 12-584] No ports matched 'out[2]'. [E:/DoorLock/Project_HDL/Project_HDL.srcs/constrs_1/imports/DoorLock/Arty-Z7-20-Master.xdc:25]
CRITICAL WARNING: [Common 17-55] 'set_property' expects at least one object. [E:/DoorLock/Project_HDL/Project_HDL.srcs/constrs_1/imports/DoorLock/Arty-Z7-20-Master.xdc:25]
Resolution: If [get_<value>] was used to populate the object, check to make sure this command returns at least one valid object.
WARNING: [Vivado 12-584] No ports matched 'out[3]'. [E:/DoorLock/Project_HDL/Project_HDL.srcs/constrs_1/imports/DoorLock/Arty-Z7-20-Master.xdc:26]
CRITICAL WARNING: [Common 17-55] 'set_property' expects at least one object. [E:/DoorLock/Project_HDL/Project_HDL.srcs/constrs_1/imports/DoorLock/Arty-Z7-20-Master.xdc:26]
Resolution: If [get_<value>] was used to populate the object, check to make sure this command returns at least one valid object.
WARNING: [Vivado 12-584] No ports matched 'in[0]'. [E:/DoorLock/Project_HDL/Project_HDL.srcs/constrs_1/imports/DoorLock/Arty-Z7-20-Master.xdc:29]
CRITICAL WARNING: [Common 17-55] 'set_property' expects at least one object. [E:/DoorLock/Project_HDL/Project_HDL.srcs/constrs_1/imports/DoorLock/Arty-Z7-20-Master.xdc:29]
Resolution: If [get_<value>] was used to populate the object, check to make sure this command returns at least one valid object.
WARNING: [Vivado 12-584] No ports matched 'in[1]'. [E:/DoorLock/Project_HDL/Project_HDL.srcs/constrs_1/imports/DoorLock/Arty-Z7-20-Master.xdc:30]
CRITICAL WARNING: [Common 17-55] 'set_property' expects at least one object. [E:/DoorLock/Project_HDL/Project_HDL.srcs/constrs_1/imports/DoorLock/Arty-Z7-20-Master.xdc:30]
Resolution: If [get_<value>] was used to populate the object, check to make sure this command returns at least one valid object.
WARNING: [Vivado 12-584] No ports matched 'in[2]'. [E:/DoorLock/Project_HDL/Project_HDL.srcs/constrs_1/imports/DoorLock/Arty-Z7-20-Master.xdc:31]
CRITICAL WARNING: [Common 17-55] 'set_property' expects at least one object. [E:/DoorLock/Project_HDL/Project_HDL.srcs/constrs_1/imports/DoorLock/Arty-Z7-20-Master.xdc:31]
Resolution: If [get_<value>] was used to populate the object, check to make sure this command returns at least one valid object.
WARNING: [Vivado 12-584] No ports matched 'in[3]'. [E:/DoorLock/Project_HDL/Project_HDL.srcs/constrs_1/imports/DoorLock/Arty-Z7-20-Master.xdc:32]
CRITICAL WARNING: [Common 17-55] 'set_property' expects at least one object. [E:/DoorLock/Project_HDL/Project_HDL.srcs/constrs_1/imports/DoorLock/Arty-Z7-20-Master.xdc:32]
Resolution: If [get_<value>] was used to populate the object, check to make sure this command returns at least one valid object.
Finished Parsing XDC File [E:/DoorLock/Project_HDL/Project_HDL.srcs/constrs_1/imports/DoorLock/Arty-Z7-20-Master.xdc]
Parsing XDC File [E:/DoorLock/Extend board/Arty-Z7-20-Extension-board-Master.xdc]
Finished Parsing XDC File [E:/DoorLock/Extend board/Arty-Z7-20-Extension-board-Master.xdc]
INFO: [Opt 31-138] Pushed 0 inverter(s) to 0 load pin(s).
Netlist sorting complete. Time (s): cpu = 00:00:00 ; elapsed = 00:00:00 . Memory (MB): peak = 933.793 ; gain = 0.000
INFO: [Project 1-111] Unisim Transformation Summary:
No Unisim elements were transformed.

5 Infos, 8 Warnings, 8 Critical Warnings and 0 Errors encountered.
link_design completed successfully
link_design: Time (s): cpu = 00:00:06 ; elapsed = 00:00:07 . Memory (MB): peak = 937.840 ; gain = 552.301
Command: opt_design
Attempting to get a license for feature 'Implementation' and/or device 'xc7z020'
INFO: [Common 17-349] Got license for feature 'Implementation' and/or device 'xc7z020'
Running DRC as a precondition to command opt_design

Starting DRC Task
INFO: [DRC 23-27] Running DRC with 2 threads
INFO: [Project 1-461] DRC finished with 0 Errors
INFO: [Project 1-462] Please refer to the DRC report (report_drc) for more information.

Time (s): cpu = 00:00:02 ; elapsed = 00:00:01 . Memory (MB): peak = 962.746 ; gain = 24.906

Starting Cache Timing Information Task
INFO: [Timing 38-35] Done setting XDC timing constraints.
Ending Cache Timing Information Task | Checksum: 2727c0bde

Time (s): cpu = 00:00:09 ; elapsed = 00:00:09 . Memory (MB): peak = 1492.855 ; gain = 530.109

Starting Logic Optimization Task

Phase 1 Retarget
INFO: [Opt 31-138] Pushed 0 inverter(s) to 0 load pin(s).
INFO: [Opt 31-49] Retargeted 0 cell(s).
Phase 1 Retarget | Checksum: 2727c0bde

Time (s): cpu = 00:00:00 ; elapsed = 00:00:00.012 . Memory (MB): peak = 1827.598 ; gain = 0.000
INFO: [Opt 31-389] Phase Retarget created 0 cells and removed 0 cells

Phase 2 Constant propagation
INFO: [Opt 31-138] Pushed 0 inverter(s) to 0 load pin(s).
Phase 2 Constant propagation | Checksum: 2727c0bde

Time (s): cpu = 00:00:00 ; elapsed = 00:00:00.013 . Memory (MB): peak = 1827.598 ; gain = 0.000
INFO: [Opt 31-389] Phase Constant propagation created 0 cells and removed 0 cells

Phase 3 Sweep
Phase 3 Sweep | Checksum: 2399c12c4

Time (s): cpu = 00:00:00 ; elapsed = 00:00:00.016 . Memory (MB): peak = 1827.598 ; gain = 0.000
INFO: [Opt 31-389] Phase Sweep created 8 cells and removed 0 cells

Phase 4 BUFG optimization
Phase 4 BUFG optimization | Checksum: 2399c12c4

Time (s): cpu = 00:00:00 ; elapsed = 00:00:00.051 . Memory (MB): peak = 1827.598 ; gain = 0.000
INFO: [Opt 31-662] Phase BUFG optimization created 0 cells of which 0 are BUFGs and removed 0 cells.

Phase 5 Shift Register Optimization
INFO: [Opt 31-1064] SRL Remap converted 0 SRLs to 0 registers and converted 0 registers of register chains to 0 SRLs
Phase 5 Shift Register Optimization | Checksum: 2399c12c4

Time (s): cpu = 00:00:00 ; elapsed = 00:00:00.052 . Memory (MB): peak = 1827.598 ; gain = 0.000
INFO: [Opt 31-389] Phase Shift Register Optimization created 0 cells and removed 0 cells

Phase 6 Post Processing Netlist
Phase 6 Post Processing Netlist | Checksum: 1a007b585

Time (s): cpu = 00:00:00 ; elapsed = 00:00:00.052 . Memory (MB): peak = 1827.598 ; gain = 0.000
INFO: [Opt 31-389] Phase Post Processing Netlist created 0 cells and removed 0 cells
Opt_design Change Summary
=========================


-------------------------------------------------------------------------------------------------------------------------
|  Phase                        |  #Cells created  |  #Cells Removed  |  #Constrained objects preventing optimizations  |
-------------------------------------------------------------------------------------------------------------------------
|  Retarget                     |               0  |               0  |                                              0  |
|  Constant propagation         |               0  |               0  |                                              0  |
|  Sweep                        |               8  |               0  |                                              0  |
|  BUFG optimization            |               0  |               0  |                                              0  |
|  Shift Register Optimization  |               0  |               0  |                                              0  |
|  Post Processing Netlist      |               0  |               0  |                                              0  |
-------------------------------------------------------------------------------------------------------------------------



Starting Connectivity Check Task

Time (s): cpu = 00:00:00 ; elapsed = 00:00:00 . Memory (MB): peak = 1827.598 ; gain = 0.000
Ending Logic Optimization Task | Checksum: 192988c9b

Time (s): cpu = 00:00:00 ; elapsed = 00:00:00.057 . Memory (MB): peak = 1827.598 ; gain = 0.000

Starting Power Optimization Task
INFO: [Pwropt 34-132] Skipping clock gating for clocks with a period < 2.00 ns.
Ending Power Optimization Task | Checksum: 192988c9b

Time (s): cpu = 00:00:00 ; elapsed = 00:00:00.009 . Memory (MB): peak = 1827.598 ; gain = 0.000

Starting Final Cleanup Task
Ending Final Cleanup Task | Checksum: 192988c9b

Time (s): cpu = 00:00:00 ; elapsed = 00:00:00 . Memory (MB): peak = 1827.598 ; gain = 0.000

Starting Netlist Obfuscation Task
Netlist sorting complete. Time (s): cpu = 00:00:00 ; elapsed = 00:00:00 . Memory (MB): peak = 1827.598 ; gain = 0.000
Ending Netlist Obfuscation Task | Checksum: 192988c9b

Time (s): cpu = 00:00:00 ; elapsed = 00:00:00.001 . Memory (MB): peak = 1827.598 ; gain = 0.000
INFO: [Common 17-83] Releasing license: Implementation
22 Infos, 8 Warnings, 8 Critical Warnings and 0 Errors encountered.
opt_design completed successfully
opt_design: Time (s): cpu = 00:00:14 ; elapsed = 00:00:14 . Memory (MB): peak = 1827.598 ; gain = 889.758
INFO: [Timing 38-480] Writing timing data to binary archive.
Writing XDEF routing.
Writing XDEF routing logical nets.
Writing XDEF routing special nets.
Write XDEF Complete: Time (s): cpu = 00:00:00 ; elapsed = 00:00:00.064 . Memory (MB): peak = 1827.598 ; gain = 0.000
INFO: [Common 17-1381] The checkpoint 'E:/DoorLock/Project_HDL/Project_HDL.runs/impl_1/top_module_opt.dcp' has been generated.
INFO: [runtcl-4] Executing : report_drc -file top_module_drc_opted.rpt -pb top_module_drc_opted.pb -rpx top_module_drc_opted.rpx
Command: report_drc -file top_module_drc_opted.rpt -pb top_module_drc_opted.pb -rpx top_module_drc_opted.rpx
INFO: [IP_Flow 19-234] Refreshing IP repositories
INFO: [IP_Flow 19-1704] No user IP repositories specified
INFO: [IP_Flow 19-2313] Loaded Vivado IP repository 'C:/Xilinx/Vivado/2022.2/data/ip'.
INFO: [DRC 23-27] Running DRC with 2 threads
INFO: [Vivado_Tcl 2-168] The results of DRC are in file E:/DoorLock/Project_HDL/Project_HDL.runs/impl_1/top_module_drc_opted.rpt.
report_drc completed successfully
Command: place_design
Attempting to get a license for feature 'Implementation' and/or device 'xc7z020'
INFO: [Common 17-349] Got license for feature 'Implementation' and/or device 'xc7z020'
INFO: [DRC 23-27] Running DRC with 2 threads
INFO: [Vivado_Tcl 4-198] DRC finished with 0 Errors
INFO: [Vivado_Tcl 4-199] Please refer to the DRC report (report_drc) for more information.
Running DRC as a precondition to command place_design
INFO: [DRC 23-27] Running DRC with 2 threads
INFO: [Vivado_Tcl 4-198] DRC finished with 0 Errors
INFO: [Vivado_Tcl 4-199] Please refer to the DRC report (report_drc) for more information.

Starting Placer Task
INFO: [Place 30-611] Multithreading enabled for place_design using a maximum of 2 CPUs

Phase 1 Placer Initialization

Phase 1.1 Placer Initialization Netlist Sorting
Netlist sorting complete. Time (s): cpu = 00:00:00 ; elapsed = 00:00:00.001 . Memory (MB): peak = 1827.598 ; gain = 0.000
Phase 1.1 Placer Initialization Netlist Sorting | Checksum: 102e763c0

Time (s): cpu = 00:00:00 ; elapsed = 00:00:00.006 . Memory (MB): peak = 1827.598 ; gain = 0.000
Netlist sorting complete. Time (s): cpu = 00:00:00 ; elapsed = 00:00:00 . Memory (MB): peak = 1827.598 ; gain = 0.000

Phase 1.2 IO Placement/ Clock Placement/ Build Placer Device
INFO: [Timing 38-35] Done setting XDC timing constraints.
Phase 1.2 IO Placement/ Clock Placement/ Build Placer Device | Checksum: e81eac08

Time (s): cpu = 00:00:00 ; elapsed = 00:00:00.340 . Memory (MB): peak = 1827.598 ; gain = 0.000

Phase 1.3 Build Placer Netlist Model
Phase 1.3 Build Placer Netlist Model | Checksum: 1d048428d

Time (s): cpu = 00:00:00 ; elapsed = 00:00:00.353 . Memory (MB): peak = 1827.598 ; gain = 0.000

Phase 1.4 Constrain Clocks/Macros
Phase 1.4 Constrain Clocks/Macros | Checksum: 1d048428d

Time (s): cpu = 00:00:00 ; elapsed = 00:00:00.355 . Memory (MB): peak = 1827.598 ; gain = 0.000
Phase 1 Placer Initialization | Checksum: 1d048428d

Time (s): cpu = 00:00:00 ; elapsed = 00:00:00.358 . Memory (MB): peak = 1827.598 ; gain = 0.000

Phase 2 Global Placement

Phase 2.1 Floorplanning
Phase 2.1 Floorplanning | Checksum: 1d048428d

Time (s): cpu = 00:00:00 ; elapsed = 00:00:00.360 . Memory (MB): peak = 1827.598 ; gain = 0.000

Phase 2.2 Update Timing before SLR Path Opt
Phase 2.2 Update Timing before SLR Path Opt | Checksum: 1d048428d

Time (s): cpu = 00:00:00 ; elapsed = 00:00:00.360 . Memory (MB): peak = 1827.598 ; gain = 0.000

Phase 2.3 Post-Processing in Floorplanning
Phase 2.3 Post-Processing in Floorplanning | Checksum: 1d048428d

Time (s): cpu = 00:00:00 ; elapsed = 00:00:00.360 . Memory (MB): peak = 1827.598 ; gain = 0.000

Phase 2.4 Global Placement Core
WARNING: [Place 46-29] Timing had been disabled during Placer and, therefore, physical synthesis in Placer will be skipped.
Phase 2.4 Global Placement Core | Checksum: 1d496894f

Time (s): cpu = 00:00:01 ; elapsed = 00:00:00.890 . Memory (MB): peak = 1827.598 ; gain = 0.000
Phase 2 Global Placement | Checksum: 1d496894f

Time (s): cpu = 00:00:01 ; elapsed = 00:00:00.896 . Memory (MB): peak = 1827.598 ; gain = 0.000

Phase 3 Detail Placement

Phase 3.1 Commit Multi Column Macros
Phase 3.1 Commit Multi Column Macros | Checksum: 1d496894f

Time (s): cpu = 00:00:01 ; elapsed = 00:00:00.899 . Memory (MB): peak = 1827.598 ; gain = 0.000

Phase 3.2 Commit Most Macros & LUTRAMs
Phase 3.2 Commit Most Macros & LUTRAMs | Checksum: 196b258d2

Time (s): cpu = 00:00:01 ; elapsed = 00:00:00.903 . Memory (MB): peak = 1827.598 ; gain = 0.000

Phase 3.3 Area Swap Optimization
Phase 3.3 Area Swap Optimization | Checksum: 1a3a10209

Time (s): cpu = 00:00:01 ; elapsed = 00:00:00.914 . Memory (MB): peak = 1827.598 ; gain = 0.000

Phase 3.4 Pipeline Register Optimization
Phase 3.4 Pipeline Register Optimization | Checksum: 1a3a10209

Time (s): cpu = 00:00:01 ; elapsed = 00:00:00.914 . Memory (MB): peak = 1827.598 ; gain = 0.000

Phase 3.5 Small Shape Detail Placement
Phase 3.5 Small Shape Detail Placement | Checksum: 14a19f161

Time (s): cpu = 00:00:01 ; elapsed = 00:00:01 . Memory (MB): peak = 1827.598 ; gain = 0.000

Phase 3.6 Re-assign LUT pins
Phase 3.6 Re-assign LUT pins | Checksum: 14a19f161

Time (s): cpu = 00:00:01 ; elapsed = 00:00:01 . Memory (MB): peak = 1827.598 ; gain = 0.000

Phase 3.7 Pipeline Register Optimization
Phase 3.7 Pipeline Register Optimization | Checksum: 14a19f161

Time (s): cpu = 00:00:02 ; elapsed = 00:00:01 . Memory (MB): peak = 1827.598 ; gain = 0.000
Phase 3 Detail Placement | Checksum: 14a19f161

Time (s): cpu = 00:00:02 ; elapsed = 00:00:01 . Memory (MB): peak = 1827.598 ; gain = 0.000

Phase 4 Post Placement Optimization and Clean-Up

Phase 4.1 Post Commit Optimization
Phase 4.1 Post Commit Optimization | Checksum: 14a19f161

Time (s): cpu = 00:00:02 ; elapsed = 00:00:01 . Memory (MB): peak = 1827.598 ; gain = 0.000

Phase 4.2 Post Placement Cleanup
Phase 4.2 Post Placement Cleanup | Checksum: 14a19f161

Time (s): cpu = 00:00:02 ; elapsed = 00:00:01 . Memory (MB): peak = 1827.598 ; gain = 0.000

Phase 4.3 Placer Reporting

Phase 4.3.1 Print Estimated Congestion
INFO: [Place 30-612] Post-Placement Estimated Congestion 
 ____________________________________________________
|           | Global Congestion | Short Congestion  |
| Direction | Region Size       | Region Size       |
|___________|___________________|___________________|
|      North|                1x1|                1x1|
|___________|___________________|___________________|
|      South|                1x1|                1x1|
|___________|___________________|___________________|
|       East|                1x1|                1x1|
|___________|___________________|___________________|
|       West|                1x1|                1x1|
|___________|___________________|___________________|

Phase 4.3.1 Print Estimated Congestion | Checksum: 14a19f161

Time (s): cpu = 00:00:02 ; elapsed = 00:00:01 . Memory (MB): peak = 1827.598 ; gain = 0.000
Phase 4.3 Placer Reporting | Checksum: 14a19f161

Time (s): cpu = 00:00:02 ; elapsed = 00:00:01 . Memory (MB): peak = 1827.598 ; gain = 0.000

Phase 4.4 Final Placement Cleanup
Netlist sorting complete. Time (s): cpu = 00:00:00 ; elapsed = 00:00:00 . Memory (MB): peak = 1827.598 ; gain = 0.000

Time (s): cpu = 00:00:02 ; elapsed = 00:00:01 . Memory (MB): peak = 1827.598 ; gain = 0.000
Phase 4 Post Placement Optimization and Clean-Up | Checksum: 14a19f161

Time (s): cpu = 00:00:02 ; elapsed = 00:00:01 . Memory (MB): peak = 1827.598 ; gain = 0.000
Ending Placer Task | Checksum: fb0aa845

Time (s): cpu = 00:00:02 ; elapsed = 00:00:01 . Memory (MB): peak = 1827.598 ; gain = 0.000
INFO: [Common 17-83] Releasing license: Implementation
41 Infos, 9 Warnings, 8 Critical Warnings and 0 Errors encountered.
place_design completed successfully
INFO: [Timing 38-480] Writing timing data to binary archive.
Writing XDEF routing.
Writing XDEF routing logical nets.
Writing XDEF routing special nets.
Write XDEF Complete: Time (s): cpu = 00:00:00 ; elapsed = 00:00:00.062 . Memory (MB): peak = 1833.273 ; gain = 5.676
INFO: [Common 17-1381] The checkpoint 'E:/DoorLock/Project_HDL/Project_HDL.runs/impl_1/top_module_placed.dcp' has been generated.
INFO: [runtcl-4] Executing : report_io -file top_module_io_placed.rpt
report_io: Time (s): cpu = 00:00:00 ; elapsed = 00:00:00.064 . Memory (MB): peak = 1833.273 ; gain = 0.000
INFO: [runtcl-4] Executing : report_utilization -file top_module_utilization_placed.rpt -pb top_module_utilization_placed.pb
INFO: [runtcl-4] Executing : report_control_sets -verbose -file top_module_control_sets_placed.rpt
report_control_sets: Time (s): cpu = 00:00:00 ; elapsed = 00:00:00.002 . Memory (MB): peak = 1833.273 ; gain = 0.000
Command: phys_opt_design
Attempting to get a license for feature 'Implementation' and/or device 'xc7z020'
INFO: [Common 17-349] Got license for feature 'Implementation' and/or device 'xc7z020'

Starting Initial Update Timing Task

Time (s): cpu = 00:00:00 ; elapsed = 00:00:00.011 . Memory (MB): peak = 1848.281 ; gain = 15.008
INFO: [Vivado_Tcl 4-235] No timing constraint found. The netlist was not modified.
INFO: [Common 17-83] Releasing license: Implementation
49 Infos, 9 Warnings, 8 Critical Warnings and 0 Errors encountered.
phys_opt_design completed successfully
INFO: [Timing 38-480] Writing timing data to binary archive.
Writing XDEF routing.
Writing XDEF routing logical nets.
Writing XDEF routing special nets.
Write XDEF Complete: Time (s): cpu = 00:00:00 ; elapsed = 00:00:00.053 . Memory (MB): peak = 1866.168 ; gain = 14.914
INFO: [Common 17-1381] The checkpoint 'E:/DoorLock/Project_HDL/Project_HDL.runs/impl_1/top_module_physopt.dcp' has been generated.
Command: route_design
Attempting to get a license for feature 'Implementation' and/or device 'xc7z020'
INFO: [Common 17-349] Got license for feature 'Implementation' and/or device 'xc7z020'
Running DRC as a precondition to command route_design
INFO: [DRC 23-27] Running DRC with 2 threads
INFO: [Vivado_Tcl 4-198] DRC finished with 0 Errors
INFO: [Vivado_Tcl 4-199] Please refer to the DRC report (report_drc) for more information.


Starting Routing Task
INFO: [Route 35-254] Multithreading enabled for route_design using a maximum of 2 CPUs

Phase 1 Build RT Design
Checksum: PlaceDB: 801fb761 ConstDB: 0 ShapeSum: 7aeaf0e4 RouteDB: 0
Post Restoration Checksum: NetGraph: 8ca7dc13 NumContArr: a04fbfbe Constraints: 0 Timing: 0
Phase 1 Build RT Design | Checksum: 12cf79bd1

Time (s): cpu = 00:00:58 ; elapsed = 00:00:55 . Memory (MB): peak = 1962.508 ; gain = 87.203

Phase 2 Router Initialization
INFO: [Route 35-64] No timing constraints were detected. The router will operate in resource-optimization mode.

Phase 2.1 Fix Topology Constraints
Phase 2.1 Fix Topology Constraints | Checksum: 12cf79bd1

Time (s): cpu = 00:00:58 ; elapsed = 00:00:55 . Memory (MB): peak = 1969.141 ; gain = 93.836

Phase 2.2 Pre Route Cleanup
Phase 2.2 Pre Route Cleanup | Checksum: 12cf79bd1

Time (s): cpu = 00:00:58 ; elapsed = 00:00:55 . Memory (MB): peak = 1969.141 ; gain = 93.836
 Number of Nodes with overlaps = 0

Router Utilization Summary
  Global Vertical Routing Utilization    = 0 %
  Global Horizontal Routing Utilization  = 0 %
  Routable Net Status*
  *Does not include unroutable nets such as driverless and loadless.
  Run report_route_status for detailed report.
  Number of Failed Nets               = 34
    (Failed Nets is the sum of unrouted and partially routed nets)
  Number of Unrouted Nets             = 34
  Number of Partially Routed Nets     = 0
  Number of Node Overlaps             = 0

Phase 2 Router Initialization | Checksum: 1292b2dc1

Time (s): cpu = 00:00:59 ; elapsed = 00:00:55 . Memory (MB): peak = 1984.312 ; gain = 109.008

Phase 3 Initial Routing

Phase 3.1 Global Routing
Phase 3.1 Global Routing | Checksum: 1292b2dc1

Time (s): cpu = 00:00:59 ; elapsed = 00:00:55 . Memory (MB): peak = 1984.312 ; gain = 109.008
Phase 3 Initial Routing | Checksum: eb60ac3d

Time (s): cpu = 00:00:59 ; elapsed = 00:00:55 . Memory (MB): peak = 1984.312 ; gain = 109.008

Phase 4 Rip-up And Reroute

Phase 4.1 Global Iteration 0
 Number of Nodes with overlaps = 0
Phase 4.1 Global Iteration 0 | Checksum: 11617caa2

Time (s): cpu = 00:00:59 ; elapsed = 00:00:55 . Memory (MB): peak = 1984.312 ; gain = 109.008
Phase 4 Rip-up And Reroute | Checksum: 11617caa2

Time (s): cpu = 00:00:59 ; elapsed = 00:00:55 . Memory (MB): peak = 1984.312 ; gain = 109.008

Phase 5 Delay and Skew Optimization
Phase 5 Delay and Skew Optimization | Checksum: 11617caa2

Time (s): cpu = 00:00:59 ; elapsed = 00:00:55 . Memory (MB): peak = 1984.312 ; gain = 109.008

Phase 6 Post Hold Fix

Phase 6.1 Hold Fix Iter
Phase 6.1 Hold Fix Iter | Checksum: 11617caa2

Time (s): cpu = 00:00:59 ; elapsed = 00:00:55 . Memory (MB): peak = 1984.312 ; gain = 109.008
Phase 6 Post Hold Fix | Checksum: 11617caa2

Time (s): cpu = 00:00:59 ; elapsed = 00:00:55 . Memory (MB): peak = 1984.312 ; gain = 109.008

Phase 7 Route finalize

Router Utilization Summary
  Global Vertical Routing Utilization    = 0.0394015 %
  Global Horizontal Routing Utilization  = 0.043526 %
  Routable Net Status*
  *Does not include unroutable nets such as driverless and loadless.
  Run report_route_status for detailed report.
  Number of Failed Nets               = 0
    (Failed Nets is the sum of unrouted and partially routed nets)
  Number of Unrouted Nets             = 0
  Number of Partially Routed Nets     = 0
  Number of Node Overlaps             = 0

Congestion Report
North Dir 1x1 Area, Max Cong = 16.2162%, No Congested Regions.
South Dir 1x1 Area, Max Cong = 16.2162%, No Congested Regions.
East Dir 1x1 Area, Max Cong = 17.6471%, No Congested Regions.
West Dir 1x1 Area, Max Cong = 19.1176%, No Congested Regions.

------------------------------
Reporting congestion hotspots
------------------------------
Direction: North
----------------
Congested clusters found at Level 0
Effective congestion level: 0 Aspect Ratio: 1 Sparse Ratio: 0
Direction: South
----------------
Congested clusters found at Level 0
Effective congestion level: 0 Aspect Ratio: 1 Sparse Ratio: 0
Direction: East
----------------
Congested clusters found at Level 0
Effective congestion level: 0 Aspect Ratio: 1 Sparse Ratio: 0
Direction: West
----------------
Congested clusters found at Level 0
Effective congestion level: 0 Aspect Ratio: 1 Sparse Ratio: 0

Phase 7 Route finalize | Checksum: 11617caa2

Time (s): cpu = 00:00:59 ; elapsed = 00:00:55 . Memory (MB): peak = 1984.312 ; gain = 109.008

Phase 8 Verifying routed nets

 Verification completed successfully
Phase 8 Verifying routed nets | Checksum: 11617caa2

Time (s): cpu = 00:00:59 ; elapsed = 00:00:55 . Memory (MB): peak = 1984.312 ; gain = 109.008

Phase 9 Depositing Routes
Phase 9 Depositing Routes | Checksum: 9ddb6042

Time (s): cpu = 00:00:59 ; elapsed = 00:00:55 . Memory (MB): peak = 1984.312 ; gain = 109.008
INFO: [Route 35-16] Router Completed Successfully

Time (s): cpu = 00:00:59 ; elapsed = 00:00:55 . Memory (MB): peak = 1984.312 ; gain = 109.008

Routing Is Done.
INFO: [Common 17-83] Releasing license: Implementation
59 Infos, 9 Warnings, 8 Critical Warnings and 0 Errors encountered.
route_design completed successfully
route_design: Time (s): cpu = 00:01:01 ; elapsed = 00:00:56 . Memory (MB): peak = 1984.312 ; gain = 118.145
INFO: [Timing 38-480] Writing timing data to binary archive.
Writing XDEF routing.
Writing XDEF routing logical nets.
Writing XDEF routing special nets.
Write XDEF Complete: Time (s): cpu = 00:00:00 ; elapsed = 00:00:00.052 . Memory (MB): peak = 1994.008 ; gain = 9.695
INFO: [Common 17-1381] The checkpoint 'E:/DoorLock/Project_HDL/Project_HDL.runs/impl_1/top_module_routed.dcp' has been generated.
INFO: [runtcl-4] Executing : report_drc -file top_module_drc_routed.rpt -pb top_module_drc_routed.pb -rpx top_module_drc_routed.rpx
Command: report_drc -file top_module_drc_routed.rpt -pb top_module_drc_routed.pb -rpx top_module_drc_routed.rpx
INFO: [IP_Flow 19-1839] IP Catalog is up to date.
INFO: [DRC 23-27] Running DRC with 2 threads
INFO: [Vivado_Tcl 2-168] The results of DRC are in file E:/DoorLock/Project_HDL/Project_HDL.runs/impl_1/top_module_drc_routed.rpt.
report_drc completed successfully
INFO: [runtcl-4] Executing : report_methodology -file top_module_methodology_drc_routed.rpt -pb top_module_methodology_drc_routed.pb -rpx top_module_methodology_drc_routed.rpx
Command: report_methodology -file top_module_methodology_drc_routed.rpt -pb top_module_methodology_drc_routed.pb -rpx top_module_methodology_drc_routed.rpx
INFO: [Timing 38-35] Done setting XDC timing constraints.
INFO: [DRC 23-133] Running Methodology with 2 threads
INFO: [Vivado_Tcl 2-1520] The results of Report Methodology are in file E:/DoorLock/Project_HDL/Project_HDL.runs/impl_1/top_module_methodology_drc_routed.rpt.
report_methodology completed successfully
INFO: [runtcl-4] Executing : report_power -file top_module_power_routed.rpt -pb top_module_power_summary_routed.pb -rpx top_module_power_routed.rpx
Command: report_power -file top_module_power_routed.rpt -pb top_module_power_summary_routed.pb -rpx top_module_power_routed.rpx
INFO: [Timing 38-35] Done setting XDC timing constraints.
WARNING: [Power 33-232] No user defined clocks were found in the design! Power estimation will be inaccurate until this is corrected.
Resolution: Please specify clocks using create_clock/create_generated_clock for sequential elements. For pure combinatorial circuits, please specify a virtual clock, otherwise the vectorless estimation might be inaccurate
Running Vector-less Activity Propagation...

Finished Running Vector-less Activity Propagation
71 Infos, 10 Warnings, 8 Critical Warnings and 0 Errors encountered.
report_power completed successfully
INFO: [runtcl-4] Executing : report_route_status -file top_module_route_status.rpt -pb top_module_route_status.pb
INFO: [runtcl-4] Executing : report_timing_summary -max_paths 10 -report_unconstrained -file top_module_timing_summary_routed.rpt -pb top_module_timing_summary_routed.pb -rpx top_module_timing_summary_routed.rpx -warn_on_violation 
INFO: [Timing 38-91] UpdateTimingParams: Speed grade: -1, Delay Type: min_max.
INFO: [Timing 38-191] Multithreading enabled for timing update using a maximum of 2 CPUs
WARNING: [Timing 38-313] There are no user specified timing constraints. Timing constraints are needed for proper timing analysis.
INFO: [runtcl-4] Executing : report_incremental_reuse -file top_module_incremental_reuse_routed.rpt
INFO: [Vivado_Tcl 4-1062] Incremental flow is disabled. No incremental reuse Info to report.
INFO: [runtcl-4] Executing : report_clock_utilization -file top_module_clock_utilization_routed.rpt
INFO: [runtcl-4] Executing : report_bus_skew -warn_on_violation -file top_module_bus_skew_routed.rpt -pb top_module_bus_skew_routed.pb -rpx top_module_bus_skew_routed.rpx
INFO: [Timing 38-91] UpdateTimingParams: Speed grade: -1, Delay Type: min_max.
INFO: [Timing 38-191] Multithreading enabled for timing update using a maximum of 2 CPUs
Command: write_bitstream -force top_module.bit
Attempting to get a license for feature 'Implementation' and/or device 'xc7z020'
INFO: [Common 17-349] Got license for feature 'Implementation' and/or device 'xc7z020'
Running DRC as a precondition to command write_bitstream
INFO: [IP_Flow 19-1839] IP Catalog is up to date.
INFO: [DRC 23-27] Running DRC with 2 threads
WARNING: [DRC ZPS7-1] PS7 block required: The PS7 cell must be used in this Zynq design in order to enable correct default configuration.
INFO: [Vivado 12-3199] DRC finished with 0 Errors, 1 Warnings
INFO: [Vivado 12-3200] Please refer to the DRC report (report_drc) for more information.
INFO: [Designutils 20-2272] Running write_bitstream with 2 threads.
Loading data files...
Loading site data...
Loading route data...
Processing options...
Creating bitmap...
Creating bitstream...
Writing bitstream ./top_module.bit...
INFO: [Vivado 12-1842] Bitgen Completed Successfully.
INFO: [Project 1-1876] WebTalk data collection is mandatory when using a ULT device. To see the specific WebTalk data collected for your design, open the usage_statistics_webtalk.html or usage_statistics_webtalk.xml file in the implementation directory.
INFO: [Common 17-83] Releasing license: Implementation
12 Infos, 1 Warnings, 0 Critical Warnings and 0 Errors encountered.
write_bitstream completed successfully
write_bitstream: Time (s): cpu = 00:00:16 ; elapsed = 00:00:14 . Memory (MB): peak = 2468.781 ; gain = 456.680
INFO: [Common 17-206] Exiting Vivado at Fri Dec  6 15:55:02 2024...
